<?xml version="1.0" encoding="UTF-8"?>
<!-- Generated by org.testng.reporters.JUnitReportReporter -->
<testsuite hostname="LAPTOP-KFTQEU00" name="com.legion.tests.core.UserAuthorizationTest" tests="1" failures="0" timestamp="10 Sep 2018 15:24:18 GMT" time="95.295" errors="0">
  <testcase name="userAuthorizationTest" time="95.295" classname="com.legion.tests.core.UserAuthorizationTest"/>
</testsuite> <!-- com.legion.tests.core.UserAuthorizationTest -->
