<?xml version="1.0" encoding="UTF-8"?>
<!-- Generated by org.testng.reporters.JUnitReportReporter -->
<testsuite hostname="LAPTOP-KFTQEU00" name="com.legion.TestBase" tests="1" failures="0" timestamp="26 Aug 2018 04:45:00 GMT" time="2.905" errors="0">
  <testcase name="setUp" time="2.905" classname="com.legion.TestBase"/>
</testsuite> <!-- com.legion.TestBase -->
