<?xml version="1.0" encoding="UTF-8"?>
<!-- Generated by org.testng.reporters.JUnitReportReporter -->
<testsuite hostname="LAPTOP-KFTQEU00" name="com.legion.tests.core.NavigationTest" tests="1" failures="0" timestamp="10 Sep 2018 15:12:23 GMT" time="72.398" errors="0">
  <testcase name="legionConsoleNavigationFlow" time="72.398" classname="com.legion.tests.core.NavigationTest"/>
</testsuite> <!-- com.legion.tests.core.NavigationTest -->
