<?xml version="1.0" encoding="UTF-8"?>
<!-- Generated by org.testng.reporters.JUnitReportReporter -->
<testsuite hostname="LAPTOP-KFTQEU00" name="com.legion.tests.core.ScheduleProjectedSalesTest" tests="1" failures="0" timestamp="14 Sep 2018 15:02:30 GMT" time="68.263" errors="0">
  <testcase name="projectedSalesForecastDataAsStoreManagerTest" time="68.263" classname="com.legion.tests.core.ScheduleProjectedSalesTest"/>
</testsuite> <!-- com.legion.tests.core.ScheduleProjectedSalesTest -->
