<?xml version="1.0" encoding="UTF-8"?>
<!-- Generated by org.testng.reporters.JUnitReportReporter -->
<testsuite hostname="LAPTOP-KFTQEU00" name="com.legion.tests.core.ScheduleTest" tests="1" failures="0" timestamp="10 Sep 2018 15:12:23 GMT" time="36.774" errors="0">
  <testcase name="shouldEditPublishedSchedule" time="36.774" classname="com.legion.tests.core.ScheduleTest"/>
</testsuite> <!-- com.legion.tests.core.ScheduleTest -->
