<?xml version="1.0" encoding="UTF-8"?>
<!-- Generated by org.testng.reporters.JUnitReportReporter -->
<testsuite hostname="naval" name="com.legion.tests.core.ScheduleProjectedSalesTest" tests="1" failures="0" timestamp="14 Sep 2018 12:21:09 GMT" time="64.585" errors="0">
  <testcase name="projectedSalesForecastDataAsStoreManagerTest" time="64.585" classname="com.legion.tests.core.ScheduleProjectedSalesTest"/>
</testsuite> <!-- com.legion.tests.core.ScheduleProjectedSalesTest -->
